<?xml version="1.0" encoding="UTF-8"?>
<testsuite xmlns:xsi="http://www.w3.org/2001/XMLSchema-instance" xsi:noNamespaceSchemaLocation="https://maven.apache.org/surefire/maven-surefire-plugin/xsd/surefire-test-report-3.0.xsd" version="3.0" name="com.SERVER_CONTROLLER.CONTROLLER.ControllerApplicationTests" time="4.664" tests="1" errors="0" skipped="0" failures="0">
  <properties>
[...]
</properties>
  <testcase name="contextLoads" classname="com.SERVER_CONTROLLER.CONTROLLER.ControllerApplicationTests" time="1.159">
    <system-out><![CDATA[Standard Commons Logging discovery in action with spring-jcl: please remove commons-logging.jar from classpath in order to avoid potential conflicts
02:51:49.221 [main] INFO org.springframework.test.context.support.AnnotationConfigContextLoaderUtils -- Could not detect default configuration classes for test class [com.SERVER_CONTROLLER.CONTROLLER.ControllerApplicationTests]: ControllerApplicationTests does not declare any static, non-private, non-final, nested classes annotated with @Configuration.
02:51:49.385 [main] INFO org.springframework.boot.test.context.SpringBootTestContextBootstrapper -- Found @SpringBootConfiguration com.SERVER_CONTROLLER.CONTROLLER.ControllerApplication for test class com.SERVER_CONTROLLER.CONTROLLER.ControllerApplicationTests

  .   ____          _            __ _ _
 /\\ / ___'_ __ _ _(_)_ __  __ _ \ \ \ \
( ( )\___ | '_ | '_| | '_ \/ _` | \ \ \ \
 \\/  ___)| |_)| | | | | || (_| |  ) ) ) )
  '  |____| .__|_| |_|_| |_\__, | / / / /
 =========|_|==============|___/=/_/_/_/
 :: Spring Boot ::                (v3.1.4)

2023-10-31T02:51:49.904-04:00  INFO 15516 --- [           main] c.S.C.ControllerApplicationTests         : Starting ControllerApplicationTests using Java 21 with PID 15516 (started by HP in c:\Users\HP\Desktop\servers\super server socket\CONTROLLER)
2023-10-31T02:51:49.907-04:00  INFO 15516 --- [           main] c.S.C.ControllerApplicationTests         : No active profile set, falling back to 1 default profile: "default"
2023-10-31T02:51:52.388-04:00  INFO 15516 --- [           main] c.S.C.ControllerApplicationTests         : Started ControllerApplicationTests in 2.792 seconds (process running for 4.245)
]]></system-out>
    <system-err><![CDATA[WARNING: A Java agent has been loaded dynamically (C:\Users\HP\.m2\repository\net\bytebuddy\byte-buddy-agent\1.14.8\byte-buddy-agent-1.14.8.jar)
WARNING: If a serviceability tool is in use, please run with -XX:+EnableDynamicAgentLoading to hide this warning
WARNING: If a serviceability tool is not in use, please run with -Djdk.instrument.traceUsage for more information
WARNING: Dynamic loading of agents will be disallowed by default in a future release
]]></system-err>
  </testcase>
</testsuite>